#
# A fatal error has been detected by the Java Runtime Environment:
#
#  EXCEPTION_ACCESS_VIOLATION (0xc0000005) at pc=0x00007ffe9dcc1c21, pid=14080, tid=4408
#
# JRE version: OpenJDK Runtime Environment (19.0.1+10) (build 19.0.1+10-21)
# Java VM: OpenJDK 64-Bit Server VM (19.0.1+10-21, mixed mode, sharing, tiered, compressed oops, compressed class ptrs, g1 gc, windows-amd64)
# Problematic frame:
# V  [jvm.dll+0x3c1c21]
#
# No core dump will be written. Minidumps are not enabled by default on client versions of Windows
#
# If you would like to submit a bug report, please visit:
#   https://bugreport.java.com/bugreport/crash.jsp
#

---------------  S U M M A R Y ------------

Command Line: -Dorg.gradle.internal.worker.tmpdir=C:\Users\Marco\Desktop\BACKEND SANTANDER\JAVAS4\Proyecto\proyecto\build\tmp\test\work -Dorg.gradle.native=false -Xmx512m -Dfile.encoding=UTF-8 -Duser.country=MX -Duser.language=es -Duser.variant -ea worker.org.gradle.process.internal.worker.GradleWorkerMain 'Gradle Test Executor 6'

Host: Intel(R) Core(TM) i7-6700HQ CPU @ 2.60GHz, 8 cores, 31G,  Windows 10 , 64 bit Build 19041 (10.0.19041.3155)
Time: Thu Jul 13 01:44:46 2023 Hora estándar central (México) elapsed time: 3.120819 seconds (0d 0h 0m 3s)

---------------  T H R E A D  ---------------

Current thread (0x000001e81ea30fe0):  JavaThread "C2 CompilerThread2" daemon [_thread_in_native, id=4408, stack(0x0000004af1900000,0x0000004af1a00000)]


Current CompileTask:
C2:   3121 3295       4       org.springframework.beans.factory.support.AbstractBeanFactory::isTypeMatch (619 bytes)

Stack: [0x0000004af1900000,0x0000004af1a00000],  sp=0x0000004af19fb6e0,  free space=1005k
Native frames: (J=compiled Java code, j=interpreted, Vv=VM code, C=native code)
V  [jvm.dll+0x3c1c21]
V  [jvm.dll+0x5d1ca6]
V  [jvm.dll+0x1ee140]
V  [jvm.dll+0x24c41b]
V  [jvm.dll+0x24b671]
V  [jvm.dll+0x1d6d61]
V  [jvm.dll+0x25b0fa]
V  [jvm.dll+0x259588]
V  [jvm.dll+0x807928]
V  [jvm.dll+0x8015fa]
V  [jvm.dll+0x6ed5eb]
C  [ucrtbase.dll+0x21bb2]
C  [KERNEL32.DLL+0x17614]
C  [ntdll.dll+0x526b1]


siginfo: EXCEPTION_ACCESS_VIOLATION (0xc0000005), writing address 0x00007ffe9a4d9070


Registers:
RAX=0x0000004af19fe1b0, RBX=0x00007ffe9a4d9070, RCX=0x000001e81d645700, RDX=0x0000000000000003
RSP=0x0000004af19fb6e0, RBP=0x000001e81e684120, RSI=0x0000000000000038, RDI=0x000001e81fa068f0
R8 =0x0000000000000000, R9 =0x000001e81ea754d0, R10=0x00007ffe9e4d9070, R11=0x0000004af19fb718
R12=0x0000000000000000, R13=0x000001e81e800170, R14=0x0000000000000068, R15=0x0000000000000028
RIP=0x00007ffe9dcc1c21, EFLAGS=0x0000000000010202


Register to memory mapping:

RIP=0x00007ffe9dcc1c21 jvm.dll
RAX=0x0000004af19fe1b0 is pointing into the stack for thread: 0x000001e81ea30fe0
RBX=0x00007ffe9a4d9070 is an unknown value
RCX=0x000001e81d645700 points into unknown readable memory: 0x000001e81d643c00 | 00 3c 64 1d e8 01 00 00
RDX=0x0000000000000003 is an unknown value
RSP=0x0000004af19fb6e0 is pointing into the stack for thread: 0x000001e81ea30fe0
RBP=0x000001e81e684120 points into unknown readable memory: 0x0000000000000000 | 00 00 00 00 00 00 00 00
RSI=0x0000000000000038 is an unknown value
RDI=0x000001e81fa068f0 points into unknown readable memory: 0x0000001400000000 | 00 00 00 00 14 00 00 00
R8 =0x0 is NULL
R9 =0x000001e81ea754d0 points into unknown readable memory: 0x736e6f6900000007 | 07 00 00 00 69 6f 6e 73
R10=0x00007ffe9e4d9070 jvm.dll
R11=0x0000004af19fb718 is pointing into the stack for thread: 0x000001e81ea30fe0
R12=0x0 is NULL
R13=0x000001e81e800170 points into unknown readable memory: 0x000001e81f9e0140 | 40 01 9e 1f e8 01 00 00
R14=0x0000000000000068 is an unknown value
R15=0x0000000000000028 is an unknown value


Top of Stack: (sp=0x0000004af19fb6e0)
0x0000004af19fb6e0:   0000000000000003 000001e81dd4a1e0
0x0000004af19fb6f0:   0000000000000001 000001e81e6d1410
0x0000004af19fb700:   000001e81ea754d0 00000000000003d9
0x0000004af19fb710:   0000000000000007 00007ffe9ded1ca6
0x0000004af19fb720:   0000004af19fb930 00000000000003d9
0x0000004af19fb730:   000001e81fa068f0 000001e81dc04328
0x0000004af19fb740:   000001e81e684148 000001e81e6d1410
0x0000004af19fb750:   0000000000000570 000001e81ea754d0
0x0000004af19fb760:   000001e81e800170 00000000001ca858
0x0000004af19fb770:   000001e81e805cc0 000001e81e808158
0x0000004af19fb780:   000001e800000040 000001e81e7e4c70
0x0000004af19fb790:   0000000000000040 000001e81ea754d0
0x0000004af19fb7a0:   00000000000db2f0 000001e87f667100
0x0000004af19fb7b0:   0000004af19fbd50 00000000000003d8
0x0000004af19fb7c0:   0000000000000001 0000000000000000
0x0000004af19fb7d0:   000001e87f667110 0000004af19fb8f0 

Instructions: (pc=0x00007ffe9dcc1c21)
0x00007ffe9dcc1b21:   18 48 8b 88 38 05 00 00 48 8b 99 80 00 00 00 48
0x00007ffe9dcc1b31:   8b 83 b8 08 00 00 48 85 c0 75 0c e8 af 08 00 00
0x00007ffe9dcc1b41:   48 8b 83 b8 08 00 00 48 8b 08 0f 57 c0 48 89 8b
0x00007ffe9dcc1b51:   b8 08 00 00 0f 11 00 0f 11 40 10 48 83 c4 20 5b
0x00007ffe9dcc1b61:   c3 cc cc cc cc cc cc cc cc cc cc cc cc cc cc 48
0x00007ffe9dcc1b71:   89 5c 24 08 57 48 83 ec 20 8b da 48 8b f9 e8 6c
0x00007ffe9dcc1b81:   ff ff ff c1 eb 08 3b 5f 04 72 08 44 8d 43 01 44
0x00007ffe9dcc1b91:   89 47 04 48 8b 4f 08 48 89 04 d9 48 8b 5c 24 30
0x00007ffe9dcc1ba1:   48 83 c4 20 5f c3 cc cc cc cc cc cc cc cc cc 48
0x00007ffe9dcc1bb1:   89 5c 24 08 48 89 6c 24 10 48 89 74 24 18 57 41
0x00007ffe9dcc1bc1:   56 41 57 48 83 ec 20 8b c2 48 8b f9 8b 15 55 ae
0x00007ffe9dcc1bd1:   85 00 41 be 68 00 00 00 48 8d 34 c5 00 00 00 00
0x00007ffe9dcc1be1:   48 8b 41 08 48 8b 1c 06 65 48 8b 04 25 58 00 00
0x00007ffe9dcc1bf1:   00 48 8b 2c d0 41 80 3c 2e 00 75 05 e8 5e 21 4f
0x00007ffe9dcc1c01:   00 41 bf 28 00 00 00 49 8b 04 2f 48 8b 88 38 05
0x00007ffe9dcc1c11:   00 00 48 8b 81 80 00 00 00 48 8b 88 b8 08 00 00
0x00007ffe9dcc1c21:   48 89 0b 41 80 3c 2e 00 75 05 e8 30 21 4f 00 49
0x00007ffe9dcc1c31:   8b 04 2f 48 8b 6c 24 48 48 8b 88 38 05 00 00 48
0x00007ffe9dcc1c41:   8b 81 80 00 00 00 48 8d 0d 22 74 81 00 48 89 98
0x00007ffe9dcc1c51:   b8 08 00 00 48 8b 47 08 48 8b 5c 24 40 48 89 0c
0x00007ffe9dcc1c61:   06 48 8b 74 24 50 48 83 c4 20 41 5f 41 5e 5f c3
0x00007ffe9dcc1c71:   cc cc cc cc cc cc cc cc cc cc cc cc cc cc cc 48
0x00007ffe9dcc1c81:   89 5c 24 10 57 48 83 ec 20 81 c2 ff 00 00 00 33
0x00007ffe9dcc1c91:   db c1 ea 08 48 8b f9 48 89 19 89 91 90 00 00 00
0x00007ffe9dcc1ca1:   83 fa 10 77 06 48 83 c1 10 eb 7c 65 48 8b 04 25
0x00007ffe9dcc1cb1:   58 00 00 00 8b 0d 6d ad 85 00 48 89 74 24 30 48
0x00007ffe9dcc1cc1:   8b 34 c8 b8 68 00 00 00 38 1c 30 75 05 e8 8d 20
0x00007ffe9dcc1cd1:   4f 00 8b 97 90 00 00 00 b8 28 00 00 00 48 c1 e2
0x00007ffe9dcc1ce1:   03 48 8b 04 30 48 8b 74 24 30 48 8b 88 38 05 00
0x00007ffe9dcc1cf1:   00 48 8b 81 80 00 00 00 4c 8b 88 b0 08 00 00 49
0x00007ffe9dcc1d01:   8b 49 18 49 8b 41 20 48 2b c1 48 3b c2 72 0a 48
0x00007ffe9dcc1d11:   8d 04 11 49 89 41 18 eb 0e 45 33 c0 49 8b c9 e8 


Stack slot to memory mapping:
stack at sp + 0 slots: 0x0000000000000003 is an unknown value
stack at sp + 1 slots: 0x000001e81dd4a1e0 points into unknown readable memory: 0x00007ffe9e257f98 | 98 7f 25 9e fe 7f 00 00
stack at sp + 2 slots: 0x0000000000000001 is an unknown value
stack at sp + 3 slots: 0x000001e81e6d1410 points into unknown readable memory: 0x0000000000000000 | 00 00 00 00 00 00 00 00
stack at sp + 4 slots: 0x000001e81ea754d0 points into unknown readable memory: 0x736e6f6900000007 | 07 00 00 00 69 6f 6e 73
stack at sp + 5 slots: 0x00000000000003d9 is an unknown value
stack at sp + 6 slots: 0x0000000000000007 is an unknown value
stack at sp + 7 slots: 0x00007ffe9ded1ca6 jvm.dll


---------------  P R O C E S S  ---------------

Threads class SMR info:
_java_thread_list=0x000001e81ea717f0, length=17, elements={
0x000001e87b4b5230, 0x000001e87f56b5a0, 0x000001e87f56c390, 0x000001e87f56f7d0,
0x000001e87f5717b0, 0x000001e87f5740f0, 0x000001e87f575a30, 0x000001e87f579b90,
0x000001e87f664fa0, 0x000001e87f57e520, 0x000001e87f791870, 0x000001e87f79ac70,
0x000001e87f979560, 0x000001e81d5610f0, 0x000001e81d711260, 0x000001e81d656880,
0x000001e81ea30fe0
}

Java Threads: ( => current thread )
  0x000001e87b4b5230 JavaThread "Test worker" [_thread_in_vm, id=280, stack(0x0000004aefa00000,0x0000004aefb00000)]
  0x000001e87f56b5a0 JavaThread "Reference Handler" daemon [_thread_blocked, id=16172, stack(0x0000004af0100000,0x0000004af0200000)]
  0x000001e87f56c390 JavaThread "Finalizer" daemon [_thread_blocked, id=6956, stack(0x0000004af0200000,0x0000004af0300000)]
  0x000001e87f56f7d0 JavaThread "Signal Dispatcher" daemon [_thread_blocked, id=10164, stack(0x0000004af0300000,0x0000004af0400000)]
  0x000001e87f5717b0 JavaThread "Attach Listener" daemon [_thread_blocked, id=3656, stack(0x0000004af0400000,0x0000004af0500000)]
  0x000001e87f5740f0 JavaThread "Service Thread" daemon [_thread_blocked, id=12760, stack(0x0000004af0500000,0x0000004af0600000)]
  0x000001e87f575a30 JavaThread "Monitor Deflation Thread" daemon [_thread_blocked, id=2404, stack(0x0000004af0600000,0x0000004af0700000)]
  0x000001e87f579b90 JavaThread "C2 CompilerThread0" daemon [_thread_in_native, id=9840, stack(0x0000004af0700000,0x0000004af0800000)]
  0x000001e87f664fa0 JavaThread "C1 CompilerThread0" daemon [_thread_in_vm, id=1484, stack(0x0000004af0800000,0x0000004af0900000)]
  0x000001e87f57e520 JavaThread "Sweeper thread" daemon [_thread_blocked, id=10512, stack(0x0000004af0900000,0x0000004af0a00000)]
  0x000001e87f791870 JavaThread "Notification Thread" daemon [_thread_blocked, id=9624, stack(0x0000004af0a00000,0x0000004af0b00000)]
  0x000001e87f79ac70 JavaThread "Common-Cleaner" daemon [_thread_blocked, id=9484, stack(0x0000004af0c00000,0x0000004af0d00000)]
  0x000001e87f979560 JavaThread "C2 CompilerThread1" daemon [_thread_in_native, id=2768, stack(0x0000004af0d00000,0x0000004af0e00000)]
  0x000001e81d5610f0 JavaThread "/127.0.0.1:62616 to /127.0.0.1:62615 workers" [_thread_blocked, id=1136, stack(0x0000004af0f00000,0x0000004af1000000)]
  0x000001e81d711260 JavaThread "/127.0.0.1:62616 to /127.0.0.1:62615 workers Thread 2" [_thread_blocked, id=1404, stack(0x0000004af1000000,0x0000004af1100000)]
  0x000001e81d656880 JavaThread "/127.0.0.1:62616 to /127.0.0.1:62615 workers Thread 3" [_thread_in_native, id=13072, stack(0x0000004af1100000,0x0000004af1200000)]
=>0x000001e81ea30fe0 JavaThread "C2 CompilerThread2" daemon [_thread_in_native, id=4408, stack(0x0000004af1900000,0x0000004af1a00000)]

Other Threads:
  0x000001e87f5544e0 VMThread "VM Thread" [stack: 0x0000004af0000000,0x0000004af0100000] [id=12220]
  0x000001e87f7941d0 WatcherThread "VM Periodic Task Thread" [stack: 0x0000004af0b00000,0x0000004af0c00000] [id=12924]
  0x000001e87b4f1140 WorkerThread "GC Thread#0" [stack: 0x0000004aefb00000,0x0000004aefc00000] [id=10176]
  0x000001e81df35300 WorkerThread "GC Thread#1" [stack: 0x0000004af1200000,0x0000004af1300000] [id=6896]
  0x000001e81df355d0 WorkerThread "GC Thread#2" [stack: 0x0000004af1300000,0x0000004af1400000] [id=1496]
  0x000001e81df358a0 WorkerThread "GC Thread#3" [stack: 0x0000004af1400000,0x0000004af1500000] [id=9368]
  0x000001e81e037570 WorkerThread "GC Thread#4" [stack: 0x0000004af1500000,0x0000004af1600000] [id=9016]
  0x000001e81e036760 WorkerThread "GC Thread#5" [stack: 0x0000004af1600000,0x0000004af1700000] [id=3768]
  0x000001e81e037840 WorkerThread "GC Thread#6" [stack: 0x0000004af1700000,0x0000004af1800000] [id=10900]
  0x000001e81e0372a0 WorkerThread "GC Thread#7" [stack: 0x0000004af1800000,0x0000004af1900000] [id=7848]
  0x000001e87b4f4080 ConcurrentGCThread "G1 Main Marker" [stack: 0x0000004aefc00000,0x0000004aefd00000] [id=10328]
  0x000001e87b4f4c50 WorkerThread "G1 Conc#0" [stack: 0x0000004aefd00000,0x0000004aefe00000] [id=3684]
  0x000001e81e036490 WorkerThread "G1 Conc#1" [stack: 0x0000004af1a00000,0x0000004af1b00000] [id=12944]
  0x000001e87f4eb050 ConcurrentGCThread "G1 Refine#0" [stack: 0x0000004aefe00000,0x0000004aeff00000] [id=4764]
  0x000001e87f4eb9a0 ConcurrentGCThread "G1 Service" [stack: 0x0000004aeff00000,0x0000004af0000000] [id=7444]

Threads with active compile tasks:
C2 CompilerThread0     3256 3477       4       org.springframework.beans.factory.support.AbstractBeanFactory::isFactoryBean (71 bytes)
C2 CompilerThread1     3256 3473       4       jdk.internal.org.objectweb.asm.SymbolTable::addConstantUtf8 (98 bytes)
C2 CompilerThread2     3256 3295       4       org.springframework.beans.factory.support.AbstractBeanFactory::isTypeMatch (619 bytes)

VM state: not at safepoint (normal execution)

VM Mutex/Monitor currently owned by a thread: None

Heap address: 0x00000000e0000000, size: 512 MB, Compressed Oops mode: 32-bit

CDS archive(s) mapped at: [0x0000000800000000-0x0000000800c30000-0x0000000800c30000), size 12779520, SharedBaseAddress: 0x0000000800000000, ArchiveRelocationMode: 0.
Compressed class space mapped at: 0x0000000801000000-0x0000000841000000, reserved size: 1073741824
Narrow klass base: 0x0000000800000000, Narrow klass shift: 0, Narrow klass range: 0x100000000

GC Precious Log:
 CardTable entry size: 512
 Card Set container configuration: InlinePtr #cards 5 size 8 Array Of Cards #cards 12 size 40 Howl #buckets 4 coarsen threshold 1843 Howl Bitmap #cards 512 size 80 coarsen threshold 460 Card regions per heap region 1 cards per card region 2048
 CPUs: 8 total, 8 available
 Memory: 32676M
 Large Page Support: Disabled
 NUMA Support: Disabled
 Compressed Oops: Enabled (32-bit)
 Heap Region Size: 1M
 Heap Min Capacity: 8M
 Heap Initial Capacity: 512M
 Heap Max Capacity: 512M
 Pre-touch: Disabled
 Parallel Workers: 8
 Concurrent Workers: 2
 Concurrent Refinement Workers: 8
 Periodic GC: Disabled

Heap:
 garbage-first heap   total 55296K, used 27668K [0x00000000e0000000, 0x0000000100000000)
  region size 1024K, 15 young (15360K), 1 survivors (1024K)
 Metaspace       used 27342K, committed 27840K, reserved 1114112K
  class space    used 3473K, committed 3712K, reserved 1048576K

Heap Regions: E=young(eden), S=young(survivor), O=old, HS=humongous(starts), HC=humongous(continues), CS=collection set, F=free, OA=open archive, CA=closed archive, TAMS=top-at-mark-start (previous, next)
|   0|0x00000000e0000000, 0x00000000e0100000, 0x00000000e0100000|100%|HS|  |TAMS 0x00000000e0100000, 0x00000000e0000000| Complete 
|   1|0x00000000e0100000, 0x00000000e0200000, 0x00000000e0200000|100%| O|  |TAMS 0x00000000e0200000, 0x00000000e0100000| Untracked 
|   2|0x00000000e0200000, 0x00000000e0300000, 0x00000000e0300000|100%| O|  |TAMS 0x00000000e0300000, 0x00000000e0200000| Untracked 
|   3|0x00000000e0300000, 0x00000000e0400000, 0x00000000e0400000|100%| O|  |TAMS 0x00000000e0400000, 0x00000000e0300000| Untracked 
|   4|0x00000000e0400000, 0x00000000e0500000, 0x00000000e0500000|100%| O|  |TAMS 0x00000000e0500000, 0x00000000e0400000| Untracked 
|   5|0x00000000e0500000, 0x00000000e0600000, 0x00000000e0600000|100%| O|  |TAMS 0x00000000e0600000, 0x00000000e0500000| Untracked 
|   6|0x00000000e0600000, 0x00000000e0700000, 0x00000000e0700000|100%| O|  |TAMS 0x00000000e0700000, 0x00000000e0600000| Untracked 
|   7|0x00000000e0700000, 0x00000000e0800000, 0x00000000e0800000|100%| O|  |TAMS 0x00000000e0800000, 0x00000000e0700000| Untracked 
|   8|0x00000000e0800000, 0x00000000e0800000, 0x00000000e0900000|  0%| F|  |TAMS 0x00000000e0800000, 0x00000000e0800000| Untracked 
|   9|0x00000000e0900000, 0x00000000e0a00000, 0x00000000e0a00000|100%| O|  |TAMS 0x00000000e0900000, 0x00000000e0900000| Untracked 
|  10|0x00000000e0a00000, 0x00000000e0b00000, 0x00000000e0b00000|100%| O|  |TAMS 0x00000000e0a00000, 0x00000000e0a00000| Untracked 
|  11|0x00000000e0b00000, 0x00000000e0c00000, 0x00000000e0c00000|100%| O|  |TAMS 0x00000000e0b00000, 0x00000000e0b00000| Untracked 
|  12|0x00000000e0c00000, 0x00000000e0d00000, 0x00000000e0d00000|100%| O|  |TAMS 0x00000000e0c00000, 0x00000000e0c00000| Untracked 
|  13|0x00000000e0d00000, 0x00000000e0e00000, 0x00000000e0e00000|100%| O|  |TAMS 0x00000000e0d00000, 0x00000000e0d00000| Untracked 
|  14|0x00000000e0e00000, 0x00000000e0f00000, 0x00000000e0f00000|100%| O|  |TAMS 0x00000000e0e00000, 0x00000000e0e00000| Untracked 
|  15|0x00000000e0f00000, 0x00000000e0f60800, 0x00000000e1000000| 37%| O|  |TAMS 0x00000000e0f00000, 0x00000000e0f00000| Untracked 
|  16|0x00000000e1000000, 0x00000000e1000000, 0x00000000e1100000|  0%| F|  |TAMS 0x00000000e1000000, 0x00000000e1000000| Untracked 
|  17|0x00000000e1100000, 0x00000000e1100000, 0x00000000e1200000|  0%| F|  |TAMS 0x00000000e1100000, 0x00000000e1100000| Untracked 
|  18|0x00000000e1200000, 0x00000000e1200000, 0x00000000e1300000|  0%| F|  |TAMS 0x00000000e1200000, 0x00000000e1200000| Untracked 
|  19|0x00000000e1300000, 0x00000000e1300000, 0x00000000e1400000|  0%| F|  |TAMS 0x00000000e1300000, 0x00000000e1300000| Untracked 
|  20|0x00000000e1400000, 0x00000000e1400000, 0x00000000e1500000|  0%| F|  |TAMS 0x00000000e1400000, 0x00000000e1400000| Untracked 
|  21|0x00000000e1500000, 0x00000000e1500000, 0x00000000e1600000|  0%| F|  |TAMS 0x00000000e1500000, 0x00000000e1500000| Untracked 
|  22|0x00000000e1600000, 0x00000000e1600000, 0x00000000e1700000|  0%| F|  |TAMS 0x00000000e1600000, 0x00000000e1600000| Untracked 
|  23|0x00000000e1700000, 0x00000000e1700000, 0x00000000e1800000|  0%| F|  |TAMS 0x00000000e1700000, 0x00000000e1700000| Untracked 
|  24|0x00000000e1800000, 0x00000000e1800000, 0x00000000e1900000|  0%| F|  |TAMS 0x00000000e1800000, 0x00000000e1800000| Untracked 
|  25|0x00000000e1900000, 0x00000000e1900000, 0x00000000e1a00000|  0%| F|  |TAMS 0x00000000e1900000, 0x00000000e1900000| Untracked 
|  26|0x00000000e1a00000, 0x00000000e1a00000, 0x00000000e1b00000|  0%| F|  |TAMS 0x00000000e1a00000, 0x00000000e1a00000| Untracked 
|  27|0x00000000e1b00000, 0x00000000e1b00000, 0x00000000e1c00000|  0%| F|  |TAMS 0x00000000e1b00000, 0x00000000e1b00000| Untracked 
|  28|0x00000000e1c00000, 0x00000000e1c00000, 0x00000000e1d00000|  0%| F|  |TAMS 0x00000000e1c00000, 0x00000000e1c00000| Untracked 
|  29|0x00000000e1d00000, 0x00000000e1d00000, 0x00000000e1e00000|  0%| F|  |TAMS 0x00000000e1d00000, 0x00000000e1d00000| Untracked 
|  30|0x00000000e1e00000, 0x00000000e1e00000, 0x00000000e1f00000|  0%| F|  |TAMS 0x00000000e1e00000, 0x00000000e1e00000| Untracked 
|  31|0x00000000e1f00000, 0x00000000e1f00000, 0x00000000e2000000|  0%| F|  |TAMS 0x00000000e1f00000, 0x00000000e1f00000| Untracked 
|  32|0x00000000e2000000, 0x00000000e2000000, 0x00000000e2100000|  0%| F|  |TAMS 0x00000000e2000000, 0x00000000e2000000| Untracked 
|  33|0x00000000e2100000, 0x00000000e2100000, 0x00000000e2200000|  0%| F|  |TAMS 0x00000000e2100000, 0x00000000e2100000| Untracked 
|  34|0x00000000e2200000, 0x00000000e2200000, 0x00000000e2300000|  0%| F|  |TAMS 0x00000000e2200000, 0x00000000e2200000| Untracked 
|  35|0x00000000e2300000, 0x00000000e2300000, 0x00000000e2400000|  0%| F|  |TAMS 0x00000000e2300000, 0x00000000e2300000| Untracked 
|  36|0x00000000e2400000, 0x00000000e2400000, 0x00000000e2500000|  0%| F|  |TAMS 0x00000000e2400000, 0x00000000e2400000| Untracked 
|  37|0x00000000e2500000, 0x00000000e2500000, 0x00000000e2600000|  0%| F|  |TAMS 0x00000000e2500000, 0x00000000e2500000| Untracked 
|  38|0x00000000e2600000, 0x00000000e2600000, 0x00000000e2700000|  0%| F|  |TAMS 0x00000000e2600000, 0x00000000e2600000| Untracked 
|  39|0x00000000e2700000, 0x00000000e2748e90, 0x00000000e2800000| 28%| E|  |TAMS 0x00000000e2700000, 0x00000000e2700000| Complete 
|  40|0x00000000e2800000, 0x00000000e2900000, 0x00000000e2900000|100%| E|CS|TAMS 0x00000000e2800000, 0x00000000e2800000| Complete 
|  41|0x00000000e2900000, 0x00000000e2a00000, 0x00000000e2a00000|100%| E|CS|TAMS 0x00000000e2900000, 0x00000000e2900000| Complete 
|  42|0x00000000e2a00000, 0x00000000e2b00000, 0x00000000e2b00000|100%| E|  |TAMS 0x00000000e2a00000, 0x00000000e2a00000| Complete 
|  43|0x00000000e2b00000, 0x00000000e2c00000, 0x00000000e2c00000|100%| E|CS|TAMS 0x00000000e2b00000, 0x00000000e2b00000| Complete 
|  44|0x00000000e2c00000, 0x00000000e2d00000, 0x00000000e2d00000|100%| E|CS|TAMS 0x00000000e2c00000, 0x00000000e2c00000| Complete 
|  45|0x00000000e2d00000, 0x00000000e2e00000, 0x00000000e2e00000|100%| E|CS|TAMS 0x00000000e2d00000, 0x00000000e2d00000| Complete 
|  46|0x00000000e2e00000, 0x00000000e2f00000, 0x00000000e2f00000|100%| E|CS|TAMS 0x00000000e2e00000, 0x00000000e2e00000| Complete 
| 474|0x00000000fda00000, 0x00000000fdb00000, 0x00000000fdb00000|100%| E|CS|TAMS 0x00000000fda00000, 0x00000000fda00000| Complete 
| 475|0x00000000fdb00000, 0x00000000fdc00000, 0x00000000fdc00000|100%| E|CS|TAMS 0x00000000fdb00000, 0x00000000fdb00000| Complete 
| 476|0x00000000fdc00000, 0x00000000fdd00000, 0x00000000fdd00000|100%| E|CS|TAMS 0x00000000fdc00000, 0x00000000fdc00000| Complete 
| 477|0x00000000fdd00000, 0x00000000fde00000, 0x00000000fde00000|100%| E|CS|TAMS 0x00000000fdd00000, 0x00000000fdd00000| Complete 
| 509|0x00000000ffd00000, 0x00000000ffe00000, 0x00000000ffe00000|100%| E|CS|TAMS 0x00000000ffd00000, 0x00000000ffd00000| Complete 
| 510|0x00000000ffe00000, 0x00000000ffea4800, 0x00000000fff00000| 64%| S|CS|TAMS 0x00000000ffe00000, 0x00000000ffe00000| Complete 
| 511|0x00000000fff00000, 0x0000000100000000, 0x0000000100000000|100%| E|CS|TAMS 0x00000000fff00000, 0x00000000fff00000| Complete 

Card table byte_map: [0x000001e87d900000,0x000001e87da00000] _byte_map_base: 0x000001e87d200000

Marking Bits (Prev, Next): (CMBitMap*) 0x000001e87b4f17b0, (CMBitMap*) 0x000001e87b4f1770
 Prev Bits: [0x000001e87e300000, 0x000001e87eb00000)
 Next Bits: [0x000001e87db00000, 0x000001e87e300000)

Polling page: 0x000001e87b570000

Metaspace:

Usage:
  Non-class:     23.32 MB used.
      Class:      3.39 MB used.
       Both:     26.71 MB used.

Virtual space:
  Non-class space:       64.00 MB reserved,      23.56 MB ( 37%) committed,  1 nodes.
      Class space:        1.00 GB reserved,       3.62 MB ( <1%) committed,  1 nodes.
             Both:        1.06 GB reserved,      27.19 MB (  2%) committed. 

Chunk freelists:
   Non-Class:  400.00 KB
       Class:  422.00 KB
        Both:  822.00 KB

MaxMetaspaceSize: unlimited
CompressedClassSpaceSize: 1.00 GB
Initial GC threshold: 21.00 MB
Current GC threshold: 35.25 MB
CDS: on
MetaspaceReclaimPolicy: balanced
 - commit_granule_bytes: 65536.
 - commit_granule_words: 8192.
 - virtual_space_node_default_size: 8388608.
 - enlarge_chunks_in_place: 1.
 - new_chunks_are_fully_committed: 0.
 - uncommit_free_chunks: 1.
 - use_allocation_guard: 0.


Internal statistics:

num_allocs_failed_limit: 3.
num_arena_births: 546.
num_arena_deaths: 0.
num_vsnodes_births: 2.
num_vsnodes_deaths: 0.
num_space_committed: 435.
num_space_uncommitted: 0.
num_chunks_returned_to_freelist: 3.
num_chunks_taken_from_freelist: 1512.
num_chunk_merges: 3.
num_chunk_splits: 1034.
num_chunks_enlarged: 776.
num_inconsistent_stats: 0.

CodeHeap 'non-profiled nmethods': size=120000Kb used=1537Kb max_used=1537Kb free=118463Kb
 bounds [0x000001e80f960000, 0x000001e80fbd0000, 0x000001e816e90000]
CodeHeap 'profiled nmethods': size=120000Kb used=7131Kb max_used=7131Kb free=112868Kb
 bounds [0x000001e807e90000, 0x000001e808590000, 0x000001e80f3c0000]
CodeHeap 'non-nmethods': size=5760Kb used=1304Kb max_used=1388Kb free=4456Kb
 bounds [0x000001e80f3c0000, 0x000001e80f630000, 0x000001e80f960000]
 total_blobs=4018 nmethods=3496 adapters=431
 compilation: enabled
              stopped_count=0, restarted_count=0
 full_count=0

Compilation events (20 events):
Event: 3.098 Thread 0x000001e87f979560 3371       4       org.springframework.beans.factory.support.AbstractBeanFactory::getMergedLocalBeanDefinition (38 bytes)
Event: 3.100 Thread 0x000001e87f664fa0 3396       3       org.springframework.core.SerializableTypeWrapper$MethodParameterTypeProvider::getType (8 bytes)
Event: 3.100 Thread 0x000001e87f664fa0 nmethod 3396 0x000001e808553110 code [0x000001e8085532c0, 0x000001e808553408]
Event: 3.100 Thread 0x000001e87f664fa0 3397       3       org.springframework.core.MethodParameter::getGenericParameterType (147 bytes)
Event: 3.102 Thread 0x000001e87f664fa0 nmethod 3397 0x000001e808553510 code [0x000001e8085538e0, 0x000001e8085558b8]
Event: 3.104 Thread 0x000001e87f664fa0 3398   !   3       sun.reflect.annotation.AnnotationParser::parseAnnotations (37 bytes)
Event: 3.104 Thread 0x000001e87f664fa0 nmethod 3398 0x000001e808556190 code [0x000001e808556380, 0x000001e8085566a8]
Event: 3.107 Thread 0x000001e87f664fa0 3399       1       org.springframework.boot.context.properties.source.ConfigurationPropertyName$Elements::getSource (5 bytes)
Event: 3.107 Thread 0x000001e87f664fa0 nmethod 3399 0x000001e80fac8e90 code [0x000001e80fac9020, 0x000001e80fac90d8]
Event: 3.108 Thread 0x000001e87f979560 nmethod 3371 0x000001e80fac9190 code [0x000001e80fac9360, 0x000001e80fac9880]
Event: 3.108 Thread 0x000001e87f979560 3384       4       org.springframework.beans.factory.support.AbstractBeanFactory::isFactoryBean (62 bytes)
Event: 3.110 Thread 0x000001e87f664fa0 3401       3       java.util.ArrayList::hashCode (22 bytes)
Event: 3.110 Thread 0x000001e87f664fa0 nmethod 3401 0x000001e808556810 code [0x000001e8085569e0, 0x000001e808556d38]
Event: 3.110 Thread 0x000001e87f664fa0 3402       3       java.util.ArrayList::hashCodeRange (68 bytes)
Event: 3.111 Thread 0x000001e87f664fa0 nmethod 3402 0x000001e808556e90 code [0x000001e808557060, 0x000001e808557498]
Event: 3.111 Thread 0x000001e87f664fa0 3403       3       java.util.ArrayList::checkForComodification (17 bytes)
Event: 3.111 Thread 0x000001e87f664fa0 nmethod 3403 0x000001e808557690 code [0x000001e808557840, 0x000001e808557a68]
Event: 3.111 Thread 0x000001e87f664fa0 3404       1       org.springframework.core.annotation.AnnotationsProcessor::doWithAggregate (2 bytes)
Event: 3.111 Thread 0x000001e87f664fa0 nmethod 3404 0x000001e80fac9d90 code [0x000001e80fac9f20, 0x000001e80fac9ff8]
Event: 3.111 Thread 0x000001e87f979560 nmethod 3384 0x000001e80faca090 code [0x000001e80faca240, 0x000001e80faca508]

GC Heap History (10 events):
Event: 0.882 GC heap before
{Heap before GC invocations=0 (full 0):
 garbage-first heap   total 524288K, used 26624K [0x00000000e0000000, 0x0000000100000000)
  region size 1024K, 25 young (25600K), 0 survivors (0K)
 Metaspace       used 6768K, committed 6976K, reserved 1114112K
  class space    used 835K, committed 896K, reserved 1048576K
}
Event: 0.887 GC heap after
{Heap after GC invocations=1 (full 0):
 garbage-first heap   total 524288K, used 8607K [0x00000000e0000000, 0x0000000100000000)
  region size 1024K, 4 young (4096K), 4 survivors (4096K)
 Metaspace       used 6768K, committed 6976K, reserved 1114112K
  class space    used 835K, committed 896K, reserved 1048576K
}
Event: 1.617 GC heap before
{Heap before GC invocations=1 (full 0):
 garbage-first heap   total 524288K, used 36255K [0x00000000e0000000, 0x0000000100000000)
  region size 1024K, 31 young (31744K), 4 survivors (4096K)
 Metaspace       used 13569K, committed 13888K, reserved 1114112K
  class space    used 1724K, committed 1856K, reserved 1048576K
}
Event: 1.622 GC heap after
{Heap after GC invocations=2 (full 0):
 garbage-first heap   total 524288K, used 11579K [0x00000000e0000000, 0x0000000100000000)
  region size 1024K, 3 young (3072K), 3 survivors (3072K)
 Metaspace       used 13569K, committed 13888K, reserved 1114112K
  class space    used 1724K, committed 1856K, reserved 1048576K
}
Event: 2.179 GC heap before
{Heap before GC invocations=2 (full 0):
 garbage-first heap   total 524288K, used 42299K [0x00000000e0000000, 0x0000000100000000)
  region size 1024K, 34 young (34816K), 3 survivors (3072K)
 Metaspace       used 21138K, committed 21504K, reserved 1114112K
  class space    used 2673K, committed 2880K, reserved 1048576K
}
Event: 2.183 GC heap after
{Heap after GC invocations=3 (full 0):
 garbage-first heap   total 524288K, used 13194K [0x00000000e0000000, 0x0000000100000000)
  region size 1024K, 4 young (4096K), 4 survivors (4096K)
 Metaspace       used 21138K, committed 21504K, reserved 1114112K
  class space    used 2673K, committed 2880K, reserved 1048576K
}
Event: 2.809 GC heap before
{Heap before GC invocations=4 (full 0):
 garbage-first heap   total 55296K, used 41866K [0x00000000e0000000, 0x0000000100000000)
  region size 1024K, 32 young (32768K), 4 survivors (4096K)
 Metaspace       used 24855K, committed 25216K, reserved 1114112K
  class space    used 3137K, committed 3328K, reserved 1048576K
}
Event: 2.814 GC heap after
{Heap after GC invocations=5 (full 0):
 garbage-first heap   total 55296K, used 15132K [0x00000000e0000000, 0x0000000100000000)
  region size 1024K, 4 young (4096K), 4 survivors (4096K)
 Metaspace       used 24855K, committed 25216K, reserved 1114112K
  class space    used 3137K, committed 3328K, reserved 1048576K
}
Event: 2.827 GC heap before
{Heap before GC invocations=5 (full 0):
 garbage-first heap   total 55296K, used 16156K [0x00000000e0000000, 0x0000000100000000)
  region size 1024K, 5 young (5120K), 4 survivors (4096K)
 Metaspace       used 25019K, committed 25344K, reserved 1114112K
  class space    used 3156K, committed 3328K, reserved 1048576K
}
Event: 2.830 GC heap after
{Heap after GC invocations=6 (full 0):
 garbage-first heap   total 55296K, used 15380K [0x00000000e0000000, 0x0000000100000000)
  region size 1024K, 1 young (1024K), 1 survivors (1024K)
 Metaspace       used 25019K, committed 25344K, reserved 1114112K
  class space    used 3156K, committed 3328K, reserved 1048576K
}

Dll operation events (9 events):
Event: 0.009 Loaded shared library C:\Program Files (x86)\jdk-19.0.1\bin\java.dll
Event: 0.023 Loaded shared library C:\Program Files (x86)\jdk-19.0.1\bin\jsvml.dll
Event: 0.125 Loaded shared library C:\Program Files (x86)\jdk-19.0.1\bin\net.dll
Event: 0.127 Loaded shared library C:\Program Files (x86)\jdk-19.0.1\bin\nio.dll
Event: 0.131 Loaded shared library C:\Program Files (x86)\jdk-19.0.1\bin\zip.dll
Event: 0.190 Loaded shared library C:\Program Files (x86)\jdk-19.0.1\bin\verify.dll
Event: 0.195 Loaded shared library C:\Program Files (x86)\jdk-19.0.1\bin\jimage.dll
Event: 0.525 Loaded shared library C:\Program Files (x86)\jdk-19.0.1\bin\extnet.dll
Event: 0.596 Loaded shared library C:\Program Files (x86)\jdk-19.0.1\bin\sunmscapi.dll

Deoptimization events (20 events):
Event: 2.376 Thread 0x000001e87b4b5230 DEOPT PACKING pc=0x000001e80f9d4644 sp=0x0000004aefaf9e00
Event: 2.376 Thread 0x000001e87b4b5230 DEOPT UNPACKING pc=0x000001e80f426da3 sp=0x0000004aefaf9d38 mode 2
Event: 2.571 Thread 0x000001e87b4b5230 Uncommon trap: trap_request=0xffffff45 fr.pc=0x000001e80fa67a30 relative=0x0000000000000ed0
Event: 2.571 Thread 0x000001e87b4b5230 Uncommon trap: reason=unstable_if action=reinterpret pc=0x000001e80fa67a30 method=jdk.internal.jimage.ImageLocation.verifyName(Ljava/lang/String;Ljava/lang/String;IIIIIILjdk/internal/jimage/ImageStrings;)Z @ 2 c2
Event: 2.571 Thread 0x000001e87b4b5230 DEOPT PACKING pc=0x000001e80fa67a30 sp=0x0000004aefafac30
Event: 2.572 Thread 0x000001e87b4b5230 DEOPT UNPACKING pc=0x000001e80f426da3 sp=0x0000004aefafab08 mode 2
Event: 2.719 Thread 0x000001e87b4b5230 DEOPT PACKING pc=0x000001e80836b061 sp=0x0000004aefaf9070
Event: 2.719 Thread 0x000001e87b4b5230 DEOPT UNPACKING pc=0x000001e80f427543 sp=0x0000004aefaf8580 mode 0
Event: 2.936 Thread 0x000001e87b4b5230 Uncommon trap: trap_request=0xffffff45 fr.pc=0x000001e80fab6750 relative=0x0000000000000210
Event: 2.936 Thread 0x000001e87b4b5230 Uncommon trap: reason=unstable_if action=reinterpret pc=0x000001e80fab6750 method=org.springframework.beans.factory.support.AbstractBeanFactory.isFactoryBean(Ljava/lang/String;Lorg/springframework/beans/factory/support/RootBeanDefinition;)Z @ 40 c2
Event: 2.936 Thread 0x000001e87b4b5230 DEOPT PACKING pc=0x000001e80fab6750 sp=0x0000004aefafb670
Event: 2.936 Thread 0x000001e87b4b5230 DEOPT UNPACKING pc=0x000001e80f426da3 sp=0x0000004aefafb630 mode 2
Event: 2.996 Thread 0x000001e87b4b5230 Uncommon trap: trap_request=0xffffff45 fr.pc=0x000001e80fab0804 relative=0x0000000000000384
Event: 2.996 Thread 0x000001e87b4b5230 Uncommon trap: reason=unstable_if action=reinterpret pc=0x000001e80fab0804 method=org.springframework.beans.factory.support.AbstractBeanFactory.getMergedLocalBeanDefinition(Ljava/lang/String;)Lorg/springframework/beans/factory/support/RootBeanDefinition; 
Event: 2.996 Thread 0x000001e87b4b5230 DEOPT PACKING pc=0x000001e80fab0804 sp=0x0000004aefafb430
Event: 2.996 Thread 0x000001e87b4b5230 DEOPT UNPACKING pc=0x000001e80f426da3 sp=0x0000004aefafb3d8 mode 2
Event: 2.996 Thread 0x000001e87b4b5230 Uncommon trap: trap_request=0xffffff45 fr.pc=0x000001e80fac0090 relative=0x0000000000000d50
Event: 2.996 Thread 0x000001e87b4b5230 Uncommon trap: reason=unstable_if action=reinterpret pc=0x000001e80fac0090 method=java.util.concurrent.ConcurrentHashMap.putVal(Ljava/lang/Object;Ljava/lang/Object;Z)Ljava/lang/Object; @ 231 c2
Event: 2.996 Thread 0x000001e87b4b5230 DEOPT PACKING pc=0x000001e80fac0090 sp=0x0000004aefafb1c0
Event: 2.996 Thread 0x000001e87b4b5230 DEOPT UNPACKING pc=0x000001e80f426da3 sp=0x0000004aefafb130 mode 2

Classes loaded (20 events):
Event: 2.162 Loading class com/sun/beans/WildcardTypeImpl
Event: 2.162 Loading class com/sun/beans/WildcardTypeImpl done
Event: 2.165 Loading class java/util/concurrent/ConcurrentLinkedDeque$Itr
Event: 2.165 Loading class java/util/concurrent/ConcurrentLinkedDeque$AbstractItr
Event: 2.165 Loading class java/util/concurrent/ConcurrentLinkedDeque$AbstractItr done
Event: 2.165 Loading class java/util/concurrent/ConcurrentLinkedDeque$Itr done
Event: 2.253 Loading class javax/naming/ldap/LdapContext
Event: 2.253 Loading class javax/naming/directory/DirContext
Event: 2.253 Loading class javax/naming/directory/DirContext done
Event: 2.253 Loading class javax/naming/ldap/LdapContext done
Event: 2.280 Loading class java/util/regex/Pattern$Pos
Event: 2.280 Loading class java/util/regex/Pattern$Pos done
Event: 2.565 Loading class java/beans/PropertyVetoException
Event: 2.565 Loading class java/beans/PropertyVetoException done
Event: 2.901 Loading class java/lang/UnsupportedClassVersionError
Event: 2.901 Loading class java/lang/ClassFormatError
Event: 2.901 Loading class java/lang/ClassFormatError done
Event: 2.901 Loading class java/lang/UnsupportedClassVersionError done
Event: 3.020 Loading class sun/reflect/generics/tree/BooleanSignature
Event: 3.020 Loading class sun/reflect/generics/tree/BooleanSignature done

Classes unloaded (0 events):
No events

Classes redefined (0 events):
No events

Internal exceptions (20 events):
Event: 1.778 Thread 0x000001e87b4b5230 Implicit null exception at 0x000001e80f9abc8f to 0x000001e80f9abefc
Event: 1.789 Thread 0x000001e87b4b5230 Exception <a 'java/lang/NoSuchMethodError'{0x00000000ff9edb90}: 'java.lang.Object java.lang.invoke.DirectMethodHandle$Holder.invokeSpecial(java.lang.Object, java.lang.Object, java.lang.Object, java.lang.Object, java.lang.Object, java.lang.Object, int)'> (0x00000000ff9edb90) 
thrown [s\open\src\hotspot\share\interpreter\linkResolver.cpp, line 774]
Event: 1.789 Thread 0x000001e87b4b5230 Exception <a 'java/lang/NoSuchMethodError'{0x00000000ff9f8670}: 'java.lang.Object java.lang.invoke.DirectMethodHandle$Holder.newInvokeSpecial(java.lang.Object, java.lang.Object, java.lang.Object, java.lang.Object, java.lang.Object, java.lang.Object, int)'> (0x00000000ff9f8670) 
thrown [s\open\src\hotspot\share\interpreter\linkResolver.cpp, line 774]
Event: 1.789 Thread 0x000001e87b4b5230 Exception <a 'java/lang/NoSuchMethodError'{0x00000000ff9fdc38}: 'java.lang.Object java.lang.invoke.DirectMethodHandle$Holder.invokeSpecial(java.lang.Object, java.lang.Object, java.lang.Object, java.lang.Object, java.lang.Object, java.lang.Object, java.lang.Object, int)'> (0x00000000ff9fdc38) 
thrown [s\open\src\hotspot\share\interpreter\linkResolver.cpp, line 774]
Event: 1.826 Thread 0x000001e87b4b5230 Exception <a 'java/lang/NoSuchMethodError'{0x00000000ff748030}: 'void java.lang.invoke.DirectMethodHandle$Holder.invokeStatic(java.lang.Object, java.lang.Object, java.lang.Object, java.lang.Object, java.lang.Object, java.lang.Object)'> (0x00000000ff748030) 
thrown [s\open\src\hotspot\share\interpreter\linkResolver.cpp, line 774]
Event: 1.850 Thread 0x000001e87b4b5230 Implicit null exception at 0x000001e80fa04440 to 0x000001e80fa04c1c
Event: 1.850 Thread 0x000001e87b4b5230 Exception <a 'java/lang/NoSuchMethodError'{0x00000000ff627918}: 'java.lang.Object java.lang.invoke.DirectMethodHandle$Holder.invokeSpecial(java.lang.Object, java.lang.Object, java.lang.Object, int, java.lang.Object)'> (0x00000000ff627918) 
thrown [s\open\src\hotspot\share\interpreter\linkResolver.cpp, line 774]
Event: 1.851 Thread 0x000001e87b4b5230 Exception <a 'java/lang/NoSuchMethodError'{0x00000000ff6306a0}: 'java.lang.Object java.lang.invoke.DirectMethodHandle$Holder.newInvokeSpecial(java.lang.Object, java.lang.Object, java.lang.Object, int, java.lang.Object)'> (0x00000000ff6306a0) 
thrown [s\open\src\hotspot\share\interpreter\linkResolver.cpp, line 774]
Event: 1.852 Thread 0x000001e87b4b5230 Exception <a 'java/lang/NoSuchMethodError'{0x00000000ff6388a0}: 'java.lang.Object java.lang.invoke.Invokers$Holder.linkToTargetMethod(java.lang.Object, java.lang.Object, int, java.lang.Object, java.lang.Object)'> (0x00000000ff6388a0) 
thrown [s\open\src\hotspot\share\interpreter\linkResolver.cpp, line 774]
Event: 1.853 Thread 0x000001e87b4b5230 Exception <a 'java/lang/NoSuchMethodError'{0x00000000ff647da8}: 'java.lang.Object java.lang.invoke.DirectMethodHandle$Holder.newInvokeSpecial(java.lang.Object, int, java.lang.Object)'> (0x00000000ff647da8) 
thrown [s\open\src\hotspot\share\interpreter\linkResolver.cpp, line 774]
Event: 1.897 Thread 0x000001e87b4b5230 Exception <a 'java/lang/NoSuchMethodError'{0x00000000ff5ec690}: 'java.lang.Object java.lang.invoke.DirectMethodHandle$Holder.invokeStatic(java.lang.Object, long, java.lang.Object)'> (0x00000000ff5ec690) 
thrown [s\open\src\hotspot\share\interpreter\linkResolver.cpp, line 774]
Event: 1.897 Thread 0x000001e87b4b5230 Exception <a 'java/lang/NoSuchMethodError'{0x00000000ff5f07a0}: 'java.lang.Object java.lang.invoke.DirectMethodHandle$Holder.invokeStaticInit(java.lang.Object, long, java.lang.Object)'> (0x00000000ff5f07a0) 
thrown [s\open\src\hotspot\share\interpreter\linkResolver.cpp, line 774]
Event: 1.897 Thread 0x000001e87b4b5230 Exception <a 'java/lang/NoSuchMethodError'{0x00000000ff5f6fa8}: 'java.lang.Object java.lang.invoke.DirectMethodHandle$Holder.newInvokeSpecial(java.lang.Object, long)'> (0x00000000ff5f6fa8) 
thrown [s\open\src\hotspot\share\interpreter\linkResolver.cpp, line 774]
Event: 1.956 Thread 0x000001e87b4b5230 Exception <a 'java/lang/IncompatibleClassChangeError'{0x00000000ff219868}: Found class java.lang.Object, but interface was expected> (0x00000000ff219868) 
thrown [s\open\src\hotspot\share\interpreter\linkResolver.cpp, line 841]
Event: 1.957 Thread 0x000001e81db8a180 Exception <a 'java/lang/NoClassDefFoundError'{0x00000000ff298010}: jakarta/validation/Validation> (0x00000000ff298010) 
thrown [s\open\src\hotspot\share\classfile\systemDictionary.cpp, line 244]
Event: 2.294 Thread 0x000001e81db8a180 Exception <a 'java/lang/NoSuchMethodError'{0x00000000e27bc818}: 'long java.lang.invoke.DirectMethodHandle$Holder.invokeStatic(java.lang.Object, java.lang.Object)'> (0x00000000e27bc818) 
thrown [s\open\src\hotspot\share\interpreter\linkResolver.cpp, line 774]
Event: 2.294 Thread 0x000001e81db8a180 Exception <a 'java/lang/NoSuchMethodError'{0x00000000e27bfe20}: 'long java.lang.invoke.DirectMethodHandle$Holder.invokeStaticInit(java.lang.Object, java.lang.Object)'> (0x00000000e27bfe20) 
thrown [s\open\src\hotspot\share\interpreter\linkResolver.cpp, line 774]
Event: 2.296 Thread 0x000001e81db8a180 Exception <a 'java/lang/NoSuchMethodError'{0x00000000e27cde30}: 'long java.lang.invoke.DirectMethodHandle$Holder.invokeInterface(java.lang.Object, java.lang.Object)'> (0x00000000e27cde30) 
thrown [s\open\src\hotspot\share\interpreter\linkResolver.cpp, line 774]
Event: 2.296 Thread 0x000001e81db8a180 Exception <a 'java/lang/IncompatibleClassChangeError'{0x00000000e27d13c8}: Found class java.lang.Object, but interface was expected> (0x00000000e27d13c8) 
thrown [s\open\src\hotspot\share\interpreter\linkResolver.cpp, line 841]
Event: 2.307 Thread 0x000001e87b4b5230 Exception <a 'java/lang/IncompatibleClassChangeError'{0x00000000e2642ca8}: Found class java.lang.Object, but interface was expected> (0x00000000e2642ca8) 
thrown [s\open\src\hotspot\share\interpreter\linkResolver.cpp, line 841]

VM Operations (20 events):
Event: 2.171 Executing VM operation: HandshakeAllThreads
Event: 2.171 Executing VM operation: HandshakeAllThreads done
Event: 2.179 Executing VM operation: CollectForMetadataAllocation
Event: 2.183 Executing VM operation: CollectForMetadataAllocation done
Event: 2.193 Executing VM operation: G1PauseRemark
Event: 2.194 Executing VM operation: G1PauseRemark done
Event: 2.197 Executing VM operation: G1PauseCleanup
Event: 2.197 Executing VM operation: G1PauseCleanup done
Event: 2.725 Executing VM operation: ICBufferFull
Event: 2.726 Executing VM operation: ICBufferFull done
Event: 2.809 Executing VM operation: G1CollectForAllocation
Event: 2.814 Executing VM operation: G1CollectForAllocation done
Event: 2.827 Executing VM operation: G1CollectForAllocation
Event: 2.830 Executing VM operation: G1CollectForAllocation done
Event: 2.994 Executing VM operation: HandshakeAllThreads
Event: 2.994 Executing VM operation: HandshakeAllThreads done
Event: 3.002 Executing VM operation: HandshakeAllThreads
Event: 3.002 Executing VM operation: HandshakeAllThreads done
Event: 3.003 Executing VM operation: HandshakeAllThreads
Event: 3.003 Executing VM operation: HandshakeAllThreads done

Events (20 events):
Event: 0.037 Thread 0x000001e87f56b5a0 Thread added: 0x000001e87f56b5a0
Event: 0.037 Thread 0x000001e87f56c390 Thread added: 0x000001e87f56c390
Event: 0.038 Thread 0x000001e87f56f7d0 Thread added: 0x000001e87f56f7d0
Event: 0.038 Thread 0x000001e87f5717b0 Thread added: 0x000001e87f5717b0
Event: 0.038 Thread 0x000001e87f5740f0 Thread added: 0x000001e87f5740f0
Event: 0.038 Thread 0x000001e87f575a30 Thread added: 0x000001e87f575a30
Event: 0.038 Thread 0x000001e87f579b90 Thread added: 0x000001e87f579b90
Event: 0.038 Thread 0x000001e87f664fa0 Thread added: 0x000001e87f664fa0
Event: 0.038 Thread 0x000001e87f57e520 Thread added: 0x000001e87f57e520
Event: 0.118 Thread 0x000001e87f791870 Thread added: 0x000001e87f791870
Event: 0.121 Thread 0x000001e87f79ac70 Thread added: 0x000001e87f79ac70
Event: 0.242 Thread 0x000001e87f979560 Thread added: 0x000001e87f979560
Event: 0.580 Thread 0x000001e81d5610f0 Thread added: 0x000001e81d5610f0
Event: 0.679 Thread 0x000001e81d711260 Thread added: 0x000001e81d711260
Event: 0.680 Thread 0x000001e81d656880 Thread added: 0x000001e81d656880
Event: 1.953 Thread 0x000001e81db8a180 Thread added: 0x000001e81db8a180
Event: 2.230 Thread 0x000001e81f32f2e0 Thread added: 0x000001e81f32f2e0
Event: 2.271 Thread 0x000001e81f32f2e0 Thread exited: 0x000001e81f32f2e0
Event: 2.315 Thread 0x000001e81db8a180 Thread exited: 0x000001e81db8a180
Event: 2.334 Thread 0x000001e81ea30fe0 Thread added: 0x000001e81ea30fe0


Dynamic libraries:
0x00007ff6f7c80000 - 0x00007ff6f7c8e000 	C:\Program Files (x86)\jdk-19.0.1\bin\java.exe
0x00007fff1ab10000 - 0x00007fff1ad08000 	C:\WINDOWS\SYSTEM32\ntdll.dll
0x00007fff19e90000 - 0x00007fff19f4f000 	C:\WINDOWS\System32\KERNEL32.DLL
0x00007fff185f0000 - 0x00007fff188e6000 	C:\WINDOWS\System32\KERNELBASE.dll
0x00007fff184a0000 - 0x00007fff185a0000 	C:\WINDOWS\System32\ucrtbase.dll
0x00007fff13950000 - 0x00007fff13967000 	C:\Program Files (x86)\jdk-19.0.1\bin\jli.dll
0x00007fff13930000 - 0x00007fff1394b000 	C:\Program Files (x86)\jdk-19.0.1\bin\VCRUNTIME140.dll
0x00007fff19b40000 - 0x00007fff19cdd000 	C:\WINDOWS\System32\USER32.dll
0x00007fff183e0000 - 0x00007fff18402000 	C:\WINDOWS\System32\win32u.dll
0x00007ffeff6a0000 - 0x00007ffeff93a000 	C:\WINDOWS\WinSxS\amd64_microsoft.windows.common-controls_6595b64144ccf1df_6.0.19041.1110_none_60b5254171f9507e\COMCTL32.dll
0x00007fff1a530000 - 0x00007fff1a5ce000 	C:\WINDOWS\System32\msvcrt.dll
0x00007fff19ab0000 - 0x00007fff19adc000 	C:\WINDOWS\System32\GDI32.dll
0x00007fff181f0000 - 0x00007fff18305000 	C:\WINDOWS\System32\gdi32full.dll
0x00007fff18310000 - 0x00007fff183ad000 	C:\WINDOWS\System32\msvcp_win.dll
0x00007fff19950000 - 0x00007fff19980000 	C:\WINDOWS\System32\IMM32.DLL
0x00007fff155f0000 - 0x00007fff155fc000 	C:\Program Files (x86)\jdk-19.0.1\bin\vcruntime140_1.dll
0x00007ffef1900000 - 0x00007ffef198e000 	C:\Program Files (x86)\jdk-19.0.1\bin\msvcp140.dll
0x00007ffe9d900000 - 0x00007ffe9e5c0000 	C:\Program Files (x86)\jdk-19.0.1\bin\server\jvm.dll
0x00007fff1a480000 - 0x00007fff1a52f000 	C:\WINDOWS\System32\ADVAPI32.dll
0x00007fff1a2b0000 - 0x00007fff1a34c000 	C:\WINDOWS\System32\sechost.dll
0x00007fff1a350000 - 0x00007fff1a476000 	C:\WINDOWS\System32\RPCRT4.dll
0x00007fff13910000 - 0x00007fff13919000 	C:\WINDOWS\SYSTEM32\WSOCK32.dll
0x00007fff19980000 - 0x00007fff199eb000 	C:\WINDOWS\System32\WS2_32.dll
0x00007fff073d0000 - 0x00007fff073f7000 	C:\WINDOWS\SYSTEM32\WINMM.dll
0x00007fff0fb70000 - 0x00007fff0fb7a000 	C:\WINDOWS\SYSTEM32\VERSION.dll
0x00007fff16a60000 - 0x00007fff16a72000 	C:\WINDOWS\SYSTEM32\kernel.appcore.dll
0x00007fff13920000 - 0x00007fff1392a000 	C:\Program Files (x86)\jdk-19.0.1\bin\jimage.dll
0x00007fff15f80000 - 0x00007fff16164000 	C:\WINDOWS\SYSTEM32\DBGHELP.DLL
0x00007ffefb9e0000 - 0x00007ffefba14000 	C:\WINDOWS\SYSTEM32\dbgcore.DLL
0x00007fff18410000 - 0x00007fff18492000 	C:\WINDOWS\System32\bcryptPrimitives.dll
0x00007fff05890000 - 0x00007fff058b6000 	C:\Program Files (x86)\jdk-19.0.1\bin\java.dll
0x00007ffeb1780000 - 0x00007ffeb1857000 	C:\Program Files (x86)\jdk-19.0.1\bin\jsvml.dll
0x00007fff18b70000 - 0x00007fff192b4000 	C:\WINDOWS\System32\SHELL32.dll
0x00007fff16170000 - 0x00007fff16904000 	C:\WINDOWS\SYSTEM32\windows.storage.dll
0x00007fff19f50000 - 0x00007fff1a2a4000 	C:\WINDOWS\System32\combase.dll
0x00007fff17c30000 - 0x00007fff17c5e000 	C:\WINDOWS\SYSTEM32\Wldp.dll
0x00007fff19690000 - 0x00007fff1973d000 	C:\WINDOWS\System32\SHCORE.dll
0x00007fff19450000 - 0x00007fff194a5000 	C:\WINDOWS\System32\shlwapi.dll
0x00007fff18120000 - 0x00007fff18145000 	C:\WINDOWS\SYSTEM32\profapi.dll
0x00007ffef16d0000 - 0x00007ffef16e3000 	C:\Program Files (x86)\jdk-19.0.1\bin\net.dll
0x00007fff0f370000 - 0x00007fff0f47a000 	C:\WINDOWS\SYSTEM32\WINHTTP.dll
0x00007fff17990000 - 0x00007fff179fa000 	C:\WINDOWS\system32\mswsock.dll
0x00007ffef16b0000 - 0x00007ffef16c6000 	C:\Program Files (x86)\jdk-19.0.1\bin\nio.dll
0x00007ffef1690000 - 0x00007ffef16a8000 	C:\Program Files (x86)\jdk-19.0.1\bin\zip.dll
0x00007ffefc160000 - 0x00007ffefc170000 	C:\Program Files (x86)\jdk-19.0.1\bin\verify.dll
0x00007ffef1680000 - 0x00007ffef1688000 	C:\Program Files (x86)\jdk-19.0.1\bin\extnet.dll
0x00007ffee8750000 - 0x00007ffee875e000 	C:\Program Files (x86)\jdk-19.0.1\bin\sunmscapi.dll
0x00007fff189a0000 - 0x00007fff18afe000 	C:\WINDOWS\System32\CRYPT32.dll
0x00007fff17ca0000 - 0x00007fff17cc8000 	C:\WINDOWS\SYSTEM32\ncrypt.dll
0x00007fff17c60000 - 0x00007fff17c9b000 	C:\WINDOWS\SYSTEM32\NTASN1.dll
0x00007fff12c20000 - 0x00007fff12c27000 	C:\WINDOWS\system32\wshunix.dll
0x00007fff17b80000 - 0x00007fff17b98000 	C:\WINDOWS\SYSTEM32\CRYPTSP.dll
0x00007fff17240000 - 0x00007fff17274000 	C:\WINDOWS\system32\rsaenh.dll
0x00007fff183b0000 - 0x00007fff183d7000 	C:\WINDOWS\System32\bcrypt.dll
0x00007fff180e0000 - 0x00007fff1810e000 	C:\WINDOWS\SYSTEM32\USERENV.dll
0x00007fff17ba0000 - 0x00007fff17bac000 	C:\WINDOWS\SYSTEM32\CRYPTBASE.dll
0x00007fff17630000 - 0x00007fff1766c000 	C:\WINDOWS\SYSTEM32\IPHLPAPI.DLL
0x00007fff1a650000 - 0x00007fff1a658000 	C:\WINDOWS\System32\NSI.dll
0x00007fff0fe60000 - 0x00007fff0fe77000 	C:\WINDOWS\SYSTEM32\dhcpcsvc6.DLL
0x00007fff0fe40000 - 0x00007fff0fe5d000 	C:\WINDOWS\SYSTEM32\dhcpcsvc.DLL
0x00007fff17680000 - 0x00007fff1774a000 	C:\WINDOWS\SYSTEM32\DNSAPI.dll

dbghelp: loaded successfully - version: 4.0.5 - missing functions: none
symbol engine: initialized successfully - sym options: 0x614 - pdb path: .;C:\Program Files (x86)\jdk-19.0.1\bin;C:\WINDOWS\SYSTEM32;C:\WINDOWS\WinSxS\amd64_microsoft.windows.common-controls_6595b64144ccf1df_6.0.19041.1110_none_60b5254171f9507e;C:\Program Files (x86)\jdk-19.0.1\bin\server

VM Arguments:
jvm_args: -Dorg.gradle.internal.worker.tmpdir=C:\Users\Marco\Desktop\BACKEND SANTANDER\JAVAS4\Proyecto\proyecto\build\tmp\test\work -Dorg.gradle.native=false -Xmx512m -Dfile.encoding=UTF-8 -Duser.country=MX -Duser.language=es -Duser.variant -ea 
java_command: worker.org.gradle.process.internal.worker.GradleWorkerMain 'Gradle Test Executor 6'
java_class_path (initial): C:\Users\Marco\.gradle\caches\8.0.1\workerMain\gradle-worker.jar;C:\Users\Marco\Desktop\BACKEND SANTANDER\JAVAS4\Proyecto\proyecto\build\classes\java\test;C:\Users\Marco\Desktop\BACKEND SANTANDER\JAVAS4\Proyecto\proyecto\build\classes\java\main;C:\Users\Marco\Desktop\BACKEND SANTANDER\JAVAS4\Proyecto\proyecto\build\resources\main;C:\Users\Marco\.gradle\caches\modules-2\files-2.1\org.springframework.boot\spring-boot-starter-data-jpa\3.1.1\f129ea070d7d7152c984189301dc751be45f9a38\spring-boot-starter-data-jpa-3.1.1.jar;C:\Users\Marco\.gradle\caches\modules-2\files-2.1\org.springframework.boot\spring-boot-starter-web\3.1.1\f2c2d9e35430e4b4a98ad91780bb9b2d1deec08\spring-boot-starter-web-3.1.1.jar;C:\Users\Marco\.gradle\caches\modules-2\files-2.1\com.mysql\mysql-connector-j\8.0.33\9e64d997873abc4318620264703d3fdb6b02dd5a\mysql-connector-j-8.0.33.jar;C:\Users\Marco\.gradle\caches\modules-2\files-2.1\org.springframework.boot\spring-boot-starter-test\3.1.1\6e69181686ec1c9af137f038ddf6cd1830a2af19\spring-boot-starter-test-3.1.1.jar;C:\Users\Marco\.gradle\caches\modules-2\files-2.1\org.springframework.boot\spring-boot-starter-aop\3.1.1\f72362878ded668b8c3a12f8465ced98ef3fb188\spring-boot-starter-aop-3.1.1.jar;C:\Users\Marco\.gradle\caches\modules-2\files-2.1\org.springframework.boot\spring-boot-starter-jdbc\3.1.1\8e6bdc511fc9ade17c09fcc20a0f6a44fa39a876\spring-boot-starter-jdbc-3.1.1.jar;C:\Users\Marco\.gradle\caches\modules-2\files-2.1\org.hibernate.orm\hibernate-core\6.2.5.Final\3c0d24dd2f66920aeeee666779ca7391f20bc69c\hibernate-core-6.2.5.Final.jar;C:\Users\Marco\.gradle\caches\modules-2\files-2.1\org.springframework.data\spring-data-jpa\3.1.1\815665072b1cfa83aa3175228539e3e468db15e0\spring-data-jpa-3.1.1.jar;C:\Users\Marco\.gradle\caches\modules-2\files-2.1\org.springframework\spring-aspects\6.0.10\4a6a423ce6fdc474a327f7b7a7818dedc33c504f\spring-aspects-6.0.10.jar;C:\Users\Marco\.gradle\caches\modules-2\files-2.1\org.springframework.boot\spring-boot-starter-json\3.1.1\8dc99860536a6a858de6caaeb67f84d7af8a30a3\spring-boot-starter-json-3.1.1.jar;C:\Users\Marco\.gradle\caches\modules-2\files-2.1\org.springframework.boot\spring-boot-starter\3.1.1\cf74eeaef5a265c75dd89fea829391bf08efdb6c\spring-boot-starter-3.1.1.jar;C:\Users\Marco\.gradle\caches\modules-2\files-2.1\org.springframework.boot\spring-boot-starter-tomcat\3.1.1\927f80fb9d8816209420223d1a1a09e730ea78e6\spring-boot-starter-tomcat-3.1.1.jar;C:\Users\Marco\.gradle\caches\modules-2\files-2.1\org.springframework\spring-webmvc\6.0.10\af3f040747f4bfbcdb96140f8c9d252d3a6a4ef1\spring-webmvc-6.0.10.jar;C:\Users\Marco\.gradle\caches\modules-2\files-2.1\org.springframework\spring-web\6.0.10\e61defa7908bf7a499f000dab8ef7691c2aa75c1\spring-web-6.0.10.jar;C:\Users\Marco\.gradle\caches\modules-2\files-2.1\org.springframework.boot\spring-boot-test-autoconfigure\3.1.1\4d6b05666438577e2fa7a1cbad6f58956bee34d7\spring-boot-test-autoconfigure-3.1.1.jar;C:\Users\Marco\.gradle\caches\modules-2\files-2.1\org.springframework.boot\spring-boot-test\3.1.1\8481164eedc07955e903cb4442dc23a868eecb8d\spring-boot-test-3.1.1.jar;C:\Users\Marco\.gradle\caches\modules-2\files-2.1\com.jayway.jsonpath\json-path\2.8.0\b4ab3b7a9e425655a0ca65487bbbd6d7ddb75160\json-path-2.8.0.jar;C:\Users\Marco\.gradle\caches\modules-2\files-2.1\org.glassfish.jaxb\jaxb-runtime\4.0.3\93af25be25b2c92c83e0ce61cb8b3ed23568f316\jaxb-runtime-4.0.3.jar;C:\Users\Marco\.gradle\caches\modules-2\files-2.1\org.glassfish.jaxb\jaxb-core\4.0.3\e9093b4a82069a1d78ee9a3233ca387bca88861f\jaxb-core-4.0.3.jar;C:\Users\Marco\.gradle\caches\modules-2\files-2.1\jakarta.xml.bind\jakarta.xml.bind-api\4.0.0\bbb399208d288b15ec101fa4fcfc4bd77cedc97a\jakarta.xml.bind-api-4.0.0.jar;C:\Users\Marco\.gradle\caches\modules-2\files-2.1\net.minidev\json-smart\2.4.11\cc5888f14a5768f254b97bafe8b9fd29b31e872e\json-smart-2.4.11.jar;C:\Users\Marco\.gradle\caches\modules-2\files-2.1\org.assertj\assertj-core\3.24.2\ebbf338e33f893139459ce5df023115971c2786f\assertj-core-3.24.2.jar;C:\Users\Marco\.gradle\caches\modules-2\files-2.1\org.hamcrest\hamcrest\2.2\1820c0968dba3a11a1b30669bb1f01978a91dedc\hamcrest-2.2.jar;C:\Users\Marco\.gradle\caches\modules-2\files-2.1\org.mockito\mockito-junit-jupiter\5.3.1\d6ac0f6d54addf02def4ba1213f73a15ae6c2308\mockito-junit-jupiter-5.3.1.jar;C:\Users\Marco\.gradle\caches\modules-2\files-2.1\org.junit.jupiter\junit-jupiter-params\5.9.3\9e2a4bf6016a1975f408a73523392875cff7c26f\junit-jupiter-params-5.9.3.jar;C:\Users\Marco\.gradle\caches\modules-2\files-2.1\org.junit.jupiter\junit-jupiter-engine\5.9.3\355322b03bf39306a183162cd06626c206f0286b\junit-jupiter-engine-5.9.3.jar;C:\Users\Marco\.gradle\caches\modules-2\files-2.1\org.junit.jupiter\junit-jupiter-api\5.9.3\815818ad6ffcc8d320d8fbdf3d748c753cf83201\junit-jupiter-api-5.9.3.jar;C:\Users\Marco\.gradle\caches\modules-2\files-2.1\org.junit.platform\junit-platform-engine\1.9.3\8616734a190f8d307376aeb7353dba0a2c037a09\junit-platform-engine-1.9.3.jar;C:\Users\Marco\.gradle\caches\modules-2\files-2.1\org.junit.platform\junit-platform-commons\1.9.3\36b2e26a90c41603be7f0094bee80e3f8a2cd4d4\junit-platform-commons-1.9.3.jar;C:\Users\Marco\.gradle\caches\modules-2\files-2.1\org.junit.jupiter\junit-jupiter\5.9.3\72e840501e1550e9799c9a5cc9483d7d6b29e0ba\junit-jupiter-5.9.3.jar;C:\Users\Marco\.gradle\caches\modules-2\files-2.1\org.mockito\mockito-core\5.3.1\7cac313592a29ae5e29c52c22b15c3ae5ab561b2\mockito-core-5.3.1.jar;C:\Users\Marco\.gradle\caches\modules-2\files-2.1\org.skyscreamer\jsonassert\1.5.1\6d842d0faf4cf6725c509a5e5347d319ee0431c3\jsonassert-1.5.1.jar;C:\Users\Marco\.gradle\caches\modules-2\files-2.1\org.springframework\spring-test\6.0.10\8773ebcd0e6822e2e5a816752cbe2419d7b1b4b4\spring-test-6.0.10.jar;C:\Users\Marco\.gradle\caches\modules-2\files-2.1\org.springframework.boot\spring-boot-autoconfigure\3.1.1\618ec717eef4ba2ff347c7713150aac8e73fe233\spring-boot-autoconfigure-3.1.1.jar;C:\Users\Marco\.gradle\caches\modules-2\files-2.1\org.springframework.boot\spring-boot\3.1.1\f8f80c1453c8fe0e08a6235f983d8daf571d3e3\spring-boot-3.1.1.jar;C:\Users\Marco\.gradle\caches\modules-2\files-2.1\org.springframework\spring-context\6.0.10\e2bd59f05c95647a274b7719d419cf8fde6f25a0\spring-context-6.0.10.jar;C:\Users\Marco\.gradle\caches\modules-2\files-2.1\org.springframework\spring-aop\6.0.10\cc309a306fa759018b107dea9a208c758af0297\spring-aop-6.0.10.jar;C:\Users\Marco\.gradle\caches\modules-2\files-2.1\org.springframework\spring-orm\6.0.10\321d8f382fad673d8b4d4047b4370176561c5a60\spring-orm-6.0.10.jar;C:\Users\Marco\.gradle\caches\modules-2\files-2.1\org.springframework\spring-jdbc\6.0.10\5179c98c5eba511cdd31852d1f74063aa17bf3da\spring-jdbc-6.0.10.jar;C:\Users\Marco\.gradle\caches\modules-2\files-2.1\org.springframework.data\spring-data-commons\3.1.1\cfc10ccc41910b7b6e83cf27debaac73229572e0\spring-data-commons-3.1.1.jar;C:\Users\Marco\.gradle\caches\modules-2\files-2.1\org.springframework\spring-tx\6.0.10\459698d22aadc881afe425934cca79cc1f6bce91\spring-tx-6.0.10.jar;C:\Users\Marco\.gradle\caches\modules-2\files-2.1\org.springframework\spring-beans\6.0.10\8fc0684773cc1598edd810660f57d9e9c8ae6055\spring-beans-6.0.10.jar;C:\Users\Marco\.gradle\caches\modules-2\files-2.1\org.springframework\spring-expression\6.0.10\bd8c93e473e713fe9150a772487507a8e600d5f1\spring-expression-6.0.10.jar;C:\Users\Marco\.gradle\caches\modules-2\files-2.1\org.springframework\spring-core\6.0.10\889aa214b6607763ddeb6bd391d682cd71681b36\spring-core-6.0.10.jar;C:\Users\Marco\.gradle\caches\modules-2\files-2.1\org.xmlunit\xmlunit-core\2.9.1\e5833662d9a1279a37da3ef6f62a1da29fcd68c4\xmlunit-core-2.9.1.jar;C:\Users\Marco\.gradle\caches\modules-2\files-2.1\org.aspectj\aspectjweaver\1.9.19\afbffb1210239fbba5cad73093c5b216d515838f\aspectjweaver-1.9.19.jar;C:\Users\Marco\.gradle\caches\modules-2\files-2.1\com.zaxxer\HikariCP\5.0.1\a74c7f0a37046846e88d54f7cb6ea6d565c65f9c\HikariCP-5.0.1.jar;C:\Users\Marco\.gradle\caches\modules-2\files-2.1\jakarta.persistence\jakarta.persistence-api\3.1.0\66901fa1c373c6aff65c13791cc11da72060a8d6\jakarta.persistence-api-3.1.0.jar;C:\Users\Marco\.gradle\caches\modules-2\files-2.1\jakarta.transaction\jakarta.transaction-api\2.0.1\51a520e3fae406abb84e2e1148e6746ce3f80a1a\jakarta.transaction-api-2.0.1.jar;C:\Users\Marco\.gradle\caches\modules-2\files-2.1\org.jboss.logging\jboss-logging\3.5.1.Final\a5c340a92c6efeaa0d495047ee9aab38a86bb107\jboss-logging-3.5.1.Final.jar;C:\Users\Marco\.gradle\caches\modules-2\files-2.1\org.hibernate.common\hibernate-commons-annotations\6.0.6.Final\77a5f94b56d49508e0ee334751db5b78e5ccd50c\hibernate-commons-annotations-6.0.6.Final.jar;C:\Users\Marco\.gradle\caches\modules-2\files-2.1\io.smallrye\jandex\3.0.5\c548a4871b552292dbdd65409d3fda145c8925c1\jandex-3.0.5.jar;C:\Users\Marco\.gradle\caches\modules-2\files-2.1\com.fasterxml\classmate\1.5.1\3fe0bed568c62df5e89f4f174c101eab25345b6c\classmate-1.5.1.jar;C:\Users\Marco\.gradle\caches\modules-2\files-2.1\net.bytebuddy\byte-buddy\1.14.5\28a424c0c4f362568e904d992c239c996cf7adc7\byte-buddy-1.14.5.jar;C:\Users\Marco\.gradle\caches\modules-2\files-2.1\jakarta.inject\jakarta.inject-api\2.0.1\4c28afe1991a941d7702fe1362c365f0a8641d1e\jakarta.inject-api-2.0.1.jar;C:\Users\Marco\.gradle\caches\modules-2\files-2.1\org.antlr\antlr4-runtime\4.10.1\10839f875928f59c622d675091d51a43ea0dc5f7\antlr4-runtime-4.10.1.jar;C:\Users\Marco\.gradle\caches\modules-2\files-2.1\jakarta.annotation\jakarta.annotation-api\2.1.1\48b9bda22b091b1f48b13af03fe36db3be6e1ae3\jakarta.annotation-api-2.1.1.jar;C:\Users\Marco\.gradle\caches\modules-2\files-2.1\org.springframework.boot\spring-boot-starter-logging\3.1.1\53bb456e4bf8f751de5a6ce154707b052946fd43\spring-boot-starter-logging-3.1.1.jar;C:\Users\Marco\.gradle\caches\modules-2\files-2.1\ch.qos.logback\logback-classic\1.4.8\f00ba91d993e4d14301b11968d3cacc3be7ef3e1\logback-classic-1.4.8.jar;C:\Users\Marco\.gradle\caches\modules-2\files-2.1\org.apache.logging.log4j\log4j-to-slf4j\2.20.0\d37f81f8978e2672bc32c82712ab4b3f66624adc\log4j-to-slf4j-2.20.0.jar;C:\Users\Marco\.gradle\caches\modules-2\files-2.1\org.slf4j\jul-to-slf4j\2.0.7\a48f44aeaa8a5ddc347007298a28173ac1fbbd8b\jul-to-slf4j-2.0.7.jar;C:\Users\Marco\.gradle\caches\modules-2\files-2.1\org.slf4j\slf4j-api\2.0.7\41eb7184ea9d556f23e18b5cb99cad1f8581fc00\slf4j-api-2.0.7.jar;C:\Users\Marco\.gradle\caches\modules-2\files-2.1\org.yaml\snakeyaml\1.33\2cd0a87ff7df953f810c344bdf2fe3340b954c69\snakeyaml-1.33.jar;C:\Users\Marco\.gradle\caches\modules-2\files-2.1\com.fasterxml.jackson.datatype\jackson-datatype-jsr310\2.15.2\30d16ec2aef6d8094c5e2dce1d95034ca8b6cb42\jackson-datatype-jsr310-2.15.2.jar;C:\Users\Marco\.gradle\caches\modules-2\files-2.1\com.fasterxml.jackson.module\jackson-module-parameter-names\2.15.2\75f8d2788db20f6c587c7a19e94fb6248c314241\jackson-module-parameter-names-2.15.2.jar;C:\Users\Marco\.gradle\caches\modules-2\files-2.1\com.fasterxml.jackson.core\jackson-annotations\2.15.2\4724a65ac8e8d156a24898d50fd5dbd3642870b8\jackson-annotations-2.15.2.jar;C:\Users\Marco\.gradle\caches\modules-2\files-2.1\com.fasterxml.jackson.core\jackson-core\2.15.2\a6fe1836469a69b3ff66037c324d75fc66ef137c\jackson-core-2.15.2.jar;C:\Users\Marco\.gradle\caches\modules-2\files-2.1\com.fasterxml.jackson.datatype\jackson-datatype-jdk8\2.15.2\66a50e089cfd2f93896b9b6f7a734cea7bcf2f31\jackson-datatype-jdk8-2.15.2.jar;C:\Users\Marco\.gradle\caches\modules-2\files-2.1\com.fasterxml.jackson.core\jackson-databind\2.15.2\9353b021f10c307c00328f52090de2bdb4b6ff9c\jackson-databind-2.15.2.jar;C:\Users\Marco\.gradle\caches\modules-2\files-2.1\org.apache.tomcat.embed\tomcat-embed-websocket\10.1.10\10604119402bcaa8490b638698ad177f8df4c50c\tomcat-embed-websocket-10.1.10.jar;C:\Users\Marco\.gradle\caches\modules-2\files-2.1\org.apache.tomcat.embed\tomcat-embed-core\10.1.10\7423236b34aa78d6f36592b2aa294d7c8469f219\tomcat-embed-core-10.1.10.jar;C:\Users\Marco\.gradle\caches\modules-2\files-2.1\org.apache.tomcat.embed\tomcat-embed-el\10.1.10\717033c0417fdc7e794b382c066b7e78f6029268\tomcat-embed-el-10.1.10.jar;C:\Users\Marco\.gradle\caches\modules-2\files-2.1\io.micrometer\micrometer-observation\1.11.1\9027a35892c7e08ea8affce87b3662b6ceca122c\micrometer-observation-1.11.1.jar;C:\Users\Marco\.gradle\caches\modules-2\files-2.1\org.eclipse.angus\angus-activation\2.0.1\eaafaf4eb71b400e4136fc3a286f50e34a68ecb7\angus-activation-2.0.1.jar;C:\Users\Marco\.gradle\caches\modules-2\files-2.1\jakarta.activation\jakarta.activation-api\2.1.2\640c0d5aff45dbff1e1a1bc09673ff3a02b1ba12\jakarta.activation-api-2.1.2.jar;C:\Users\Marco\.gradle\caches\modules-2\files-2.1\net.minidev\accessors-smart\2.4.11\245ceca7bdf3190fbb977045c852d5f3c8efece1\accessors-smart-2.4.11.jar;C:\Users\Marco\.gradle\caches\modules-2\files-2.1\net.bytebuddy\byte-buddy-agent\1.14.5\20f4e9b9d0ffb953657bfa4b92c0cceb27907d58\byte-buddy-agent-1.14.5.jar;C:\Users\Marco\.gradle\caches\modules-2\files-2.1\org.objenesis\objenesis\3.3\1049c09f1de4331e8193e579448d0916d75b7631\objenesis-3.3.jar;C:\Users\Marco\.gradle\caches\modules-2\files-2.1\com.vaadin.external.google\android-json\0.0.20131108.vaadin1\fa26d351fe62a6a17f5cda1287c1c6110dec413f\android-json-0.0.20131108.vaadin1.jar;C:\Users\Marco\.gradle\caches\modules-2\files-2.1\org.springframework\spring-jcl\6.0.10\cba44e98dab40a506c50978a0e5f11ceaa90b3ff\spring-jcl-6.0.10.jar;C:\Users\Marco\.gradle\caches\modules-2\files-2.1\io.micrometer\micrometer-commons\1.11.1\45bc0f2aa4d6180f1a783f1930f307a4efbb12e8\micrometer-commons-1.11.1.jar;C:\Users\Marco\.gradle\caches\modules-2\files-2.1\org.ow2.asm\asm\9.3\8e6300ef51c1d801a7ed62d07cd221aca3a90640\asm-9.3.jar;C:\Users\Marco\.gradle\caches\modules-2\files-2.1\org.opentest4j\opentest4j\1.2.0\28c11eb91f9b6d8e200631d46e20a7f407f2a046\opentest4j-1.2.0.jar;C:\Users\Marco\.gradle\caches\modules-2\files-2.1\org.glassfish.jaxb\txw2\4.0.3\47b8fe31c6d1a3382203af919400527389e01e9c\txw2-4.0.3.jar;C:\Users\Marco\.gradle\caches\modules-2\files-2.1\com.sun.istack\istack-commons-runtime\4.1.2\18ec117c85f3ba0ac65409136afa8e42bc74e739\istack-commons-runtime-4.1.2.jar;C:\Users\Marco\.gradle\caches\modules-2\files-2.1\ch.qos.logback\logback-core\1.4.8\3fba9c105e0efc5ffdcda701379687917d5286f7\logback-core-1.4.8.jar;C:\Users\Marco\.gradle\caches\modules-2\files-2.1\org.apache.logging.log4j\log4j-api\2.20.0\1fe6082e660daf07c689a89c94dc0f49c26b44bb\log4j-api-2.20.0.jar;C:\Gradle\gradle-8.0.1\lib\plugins\junit-platform-engine-1.8.2.jar;C:\Gradle\gradle-8.0.1\lib\plugins\junit-platform-launcher-1.8.2.jar;C:\Gradle\gradle-8.0.1\lib\plugins\junit-platform-commons-1.8.2.jar
Launcher Type: SUN_STANDARD

[Global flags]
     intx CICompilerCount                          = 4                                         {product} {ergonomic}
     uint ConcGCThreads                            = 2                                         {product} {ergonomic}
     uint G1ConcRefinementThreads                  = 8                                         {product} {ergonomic}
   size_t G1HeapRegionSize                         = 1048576                                   {product} {ergonomic}
    uintx GCDrainStackTargetSize                   = 64                                        {product} {ergonomic}
   size_t InitialHeapSize                          = 536870912                                 {product} {ergonomic}
   size_t MarkStackSize                            = 4194304                                   {product} {ergonomic}
   size_t MaxHeapSize                              = 536870912                                 {product} {command line}
   size_t MaxNewSize                               = 321912832                                 {product} {ergonomic}
   size_t MinHeapDeltaBytes                        = 1048576                                   {product} {ergonomic}
   size_t MinHeapSize                              = 8388608                                   {product} {ergonomic}
    uintx NonNMethodCodeHeapSize                   = 5839372                                {pd product} {ergonomic}
    uintx NonProfiledCodeHeapSize                  = 122909434                              {pd product} {ergonomic}
    uintx ProfiledCodeHeapSize                     = 122909434                              {pd product} {ergonomic}
    uintx ReservedCodeCacheSize                    = 251658240                              {pd product} {ergonomic}
     bool SegmentedCodeCache                       = true                                      {product} {ergonomic}
   size_t SoftMaxHeapSize                          = 536870912                              {manageable} {ergonomic}
     bool UseCompressedClassPointers               = true                           {product lp64_product} {ergonomic}
     bool UseCompressedOops                        = true                           {product lp64_product} {ergonomic}
     bool UseG1GC                                  = true                                      {product} {ergonomic}
     bool UseLargePagesIndividualAllocation        = false                                  {pd product} {ergonomic}

Logging:
Log output configuration:
 #0: stdout all=warning uptime,level,tags foldmultilines=false
 #1: stderr all=off uptime,level,tags foldmultilines=false

Environment Variables:
JAVA_HOME=C:\Program Files (x86)\jdk-19.0.1
CLASSPATH=C:\Gradle\gradle-8.0.1\lib\gradle-launcher-8.0.1.jar
PATH=C:\WINDOWS\system32;C:\WINDOWS;C:\WINDOWS\System32\Wbem;C:\WINDOWS\System32\WindowsPowerShell\v1.0\;C:\WINDOWS\System32\OpenSSH\;C:\Program Files\nodejs\;C:\ProgramData\chocolatey\bin;C:\php;C:\ProgramData\ComposerSetup\bin;C:\Program Files (x86)\NVIDIA Corporation\PhysX\Common;C:\Program Files\NVIDIA Corporation\NVIDIA NvDLISR;C:\Program Files\dotnet\;C:\Program Files\Git\cmd;C:\DBSQLite\sqlite-tools-win32-x86-3400000;C:\Program Files\Microsoft SQL Server\150\Tools\Binn\;C:\Users\Marco\AppData\Local\Programs\Python\Python311\Scripts\;C:\Users\Marco\AppData\Local\Programs\Python\Python311\;C:\Users\Marco\AppData\Local\Microsoft\WindowsApps;C:\Users\Marco\AppData\Roaming\npm;C:\Users\Marco\AppData\Roaming\Composer\vendor\bin;C:\Users\Marco\AppData\Local\GitHubDesktop\bin;C:\Program Files\heroku\bin;C:\DBSQLite\sqlite-tools-win32-x86-3400000;C:\Program Files (x86)\jdk-19.0.1\bin;C:\Program Files\JetBrains\IntelliJ IDEA Community Edition 2022.3.3\bin;;C:\Gradle\gradle-8.0.1\bin;C:\Program Files\Maven\apache-maven-3.9.1\bin;C:\Program Files\MySQL\MySQL Server 8.0\bin;C:\Users\Marco\.dotnet\tools;C:\Users\Marco\AppData\Local\Programs\Microsoft VS Code\bin
USERNAME=Marco
OS=Windows_NT
PROCESSOR_IDENTIFIER=Intel64 Family 6 Model 94 Stepping 3, GenuineIntel
TMP=C:\Users\Marco\AppData\Local\Temp
TEMP=C:\Users\Marco\AppData\Local\Temp



---------------  S Y S T E M  ---------------

OS:
 Windows 10 , 64 bit Build 19041 (10.0.19041.3155)
OS uptime: 0 days 12:19 hours

CPU: total 8 (initial active 8) (4 cores per cpu, 2 threads per core) family 6 model 94 stepping 3 microcode 0xcc, cx8, cmov, fxsr, ht, mmx, 3dnowpref, sse, sse2, sse3, ssse3, sse4.1, sse4.2, popcnt, lzcnt, tsc, tscinvbit, avx, avx2, aes, erms, clmul, bmi1, bmi2, rtm, adx, fma, vzeroupper, clflush, clflushopt, rdtscp

Memory: 4k page, system-wide physical 32676M (19802M free)
TotalPageFile size 37540M (AvailPageFile size 23330M)
current process WorkingSet (physical memory assigned to process): 173M, peak: 174M
current process commit charge ("private bytes"): 216M, peak: 663M

vm_info: OpenJDK 64-Bit Server VM (19.0.1+10-21) for windows-amd64 JRE (19.0.1+10-21), built on 2022-09-14T12:45:06Z by "mach5one" with MS VC++ 17.1 (VS2022)

END.
